2013-10-12 18:17:08,278 [http-bio-8080-exec-9] WARN  util.ResourceMetaStore  - Cannot locate resource [/js/bootstrap-datepicker.js]
2013-10-12 18:17:08,278 [http-bio-8080-exec-9] WARN  resource.ResourceTagLib  - Invocation of <r:resource> for a resource that apparently doesn't exist: /iceScrum/js/bootstrap-datepicker.js
2013-10-12 18:17:08,439 [http-bio-8080-exec-6] ERROR resource.ResourceMeta  - Resource not found: /css/datepicker.css
2013-10-12 18:17:08,443 [http-bio-8080-exec-6] WARN  util.ResourceMetaStore  - Cannot locate resource [/css/datepicker.css]
2013-10-12 18:17:08,442 [http-bio-8080-exec-5] ERROR resource.ResourceMeta  - Resource not found: /css/bootstrap-datepicker.css
2013-10-12 18:17:08,440 [http-bio-8080-exec-3] ERROR resource.ResourceMeta  - Resource not found: /js/datepicker.js
2013-10-12 18:17:08,447 [http-bio-8080-exec-3] WARN  util.ResourceMetaStore  - Cannot locate resource [/js/datepicker.js]
2013-10-12 18:17:08,449 [http-bio-8080-exec-8] ERROR resource.ResourceMeta  - Resource not found: /js/bootstrap-datepicker.js
2013-10-12 18:17:08,450 [http-bio-8080-exec-8] WARN  util.ResourceMetaStore  - Cannot locate resource [/js/bootstrap-datepicker.js]
2013-10-12 18:17:08,445 [http-bio-8080-exec-7] ERROR resource.ResourceMeta  - Resource not found: /js/jquery-2.0.3.js
2013-10-12 18:17:08,449 [http-bio-8080-exec-5] WARN  util.ResourceMetaStore  - Cannot locate resource [/css/bootstrap-datepicker.css]
2013-10-12 18:17:08,451 [http-bio-8080-exec-7] WARN  util.ResourceMetaStore  - Cannot locate resource [/js/jquery-2.0.3.js]
2013-10-12 18:17:08,909 [http-bio-8080-exec-10] ERROR resource.ResourceMeta  - Resource not found: /css/datepicker.css
2013-10-12 18:17:08,909 [http-bio-8080-exec-10] WARN  util.ResourceMetaStore  - Cannot locate resource [/css/datepicker.css]
2013-10-12 18:17:08,909 [http-bio-8080-exec-10] WARN  resource.ResourceTagLib  - Invocation of <r:resource> for a resource that apparently doesn't exist: /iceScrum/css/datepicker.css
2013-10-12 18:17:08,911 [http-bio-8080-exec-10] ERROR resource.ResourceMeta  - Resource not found: /css/bootstrap-datepicker.css
2013-10-12 18:17:08,912 [http-bio-8080-exec-10] WARN  util.ResourceMetaStore  - Cannot locate resource [/css/bootstrap-datepicker.css]
2013-10-12 18:17:08,912 [http-bio-8080-exec-10] WARN  resource.ResourceTagLib  - Invocation of <r:resource> for a resource that apparently doesn't exist: /iceScrum/css/bootstrap-datepicker.css
2013-10-12 18:17:08,915 [http-bio-8080-exec-10] ERROR resource.ResourceMeta  - Resource not found: /js/jquery-2.0.3.js
2013-10-12 18:17:08,915 [http-bio-8080-exec-10] WARN  util.ResourceMetaStore  - Cannot locate resource [/js/jquery-2.0.3.js]
2013-10-12 18:17:08,916 [http-bio-8080-exec-10] WARN  resource.ResourceTagLib  - Invocation of <r:resource> for a resource that apparently doesn't exist: /iceScrum/js/jquery-2.0.3.js
2013-10-12 18:17:08,918 [http-bio-8080-exec-10] ERROR resource.ResourceMeta  - Resource not found: /js/datepicker.js
2013-10-12 18:17:08,918 [http-bio-8080-exec-10] WARN  util.ResourceMetaStore  - Cannot locate resource [/js/datepicker.js]
2013-10-12 18:17:08,918 [http-bio-8080-exec-10] WARN  resource.ResourceTagLib  - Invocation of <r:resource> for a resource that apparently doesn't exist: /iceScrum/js/datepicker.js
2013-10-12 18:17:08,921 [http-bio-8080-exec-10] ERROR resource.ResourceMeta  - Resource not found: /js/bootstrap-datepicker.js
2013-10-12 18:17:08,921 [http-bio-8080-exec-10] WARN  util.ResourceMetaStore  - Cannot locate resource [/js/bootstrap-datepicker.js]
2013-10-12 18:17:08,921 [http-bio-8080-exec-10] WARN  resource.ResourceTagLib  - Invocation of <r:resource> for a resource that apparently doesn't exist: /iceScrum/js/bootstrap-datepicker.js
2013-10-12 18:17:09,039 [http-bio-8080-exec-2] ERROR resource.ResourceMeta  - Resource not found: /js/jquery-2.0.3.js
2013-10-12 18:17:09,065 [http-bio-8080-exec-2] WARN  util.ResourceMetaStore  - Cannot locate resource [/js/jquery-2.0.3.js]
2013-10-12 18:17:09,073 [http-bio-8080-exec-4] ERROR resource.ResourceMeta  - Resource not found: /css/datepicker.css
2013-10-12 18:17:09,077 [http-bio-8080-exec-4] WARN  util.ResourceMetaStore  - Cannot locate resource [/css/datepicker.css]
2013-10-12 18:17:09,076 [http-bio-8080-exec-9] ERROR resource.ResourceMeta  - Resource not found: /js/datepicker.js
2013-10-12 18:17:09,079 [http-bio-8080-exec-9] WARN  util.ResourceMetaStore  - Cannot locate resource [/js/datepicker.js]
2013-10-12 18:17:09,086 [http-bio-8080-exec-10] ERROR resource.ResourceMeta  - Resource not found: /js/bootstrap-datepicker.js
2013-10-12 18:17:09,087 [http-bio-8080-exec-10] WARN  util.ResourceMetaStore  - Cannot locate resource [/js/bootstrap-datepicker.js]
2013-10-12 18:17:09,087 [http-bio-8080-exec-6] ERROR resource.ResourceMeta  - Resource not found: /css/bootstrap-datepicker.css
2013-10-12 18:17:09,089 [http-bio-8080-exec-6] WARN  util.ResourceMetaStore  - Cannot locate resource [/css/bootstrap-datepicker.css]
2013-10-12 18:17:50,956 [http-bio-8080-exec-6] ERROR resource.ResourceMeta  - Resource not found: /css/datepicker.css
2013-10-12 18:17:50,957 [http-bio-8080-exec-6] WARN  util.ResourceMetaStore  - Cannot locate resource [/css/datepicker.css]
2013-10-12 18:17:50,957 [http-bio-8080-exec-6] WARN  resource.ResourceTagLib  - Invocation of <r:resource> for a resource that apparently doesn't exist: /iceScrum/css/datepicker.css
2013-10-12 18:17:50,960 [http-bio-8080-exec-6] ERROR resource.ResourceMeta  - Resource not found: /css/bootstrap-datepicker.css
2013-10-12 18:17:50,960 [http-bio-8080-exec-6] WARN  util.ResourceMetaStore  - Cannot locate resource [/css/bootstrap-datepicker.css]
2013-10-12 18:17:50,961 [http-bio-8080-exec-6] WARN  resource.ResourceTagLib  - Invocation of <r:resource> for a resource that apparently doesn't exist: /iceScrum/css/bootstrap-datepicker.css
2013-10-12 18:17:50,966 [http-bio-8080-exec-6] ERROR resource.ResourceMeta  - Resource not found: /js/jquery-2.0.3.js
2013-10-12 18:17:50,967 [http-bio-8080-exec-6] WARN  util.ResourceMetaStore  - Cannot locate resource [/js/jquery-2.0.3.js]
2013-10-12 18:17:50,967 [http-bio-8080-exec-6] WARN  resource.ResourceTagLib  - Invocation of <r:resource> for a resource that apparently doesn't exist: /iceScrum/js/jquery-2.0.3.js
2013-10-12 18:17:50,972 [http-bio-8080-exec-6] ERROR resource.ResourceMeta  - Resource not found: /js/datepicker.js
2013-10-12 18:17:50,974 [http-bio-8080-exec-6] WARN  util.ResourceMetaStore  - Cannot locate resource [/js/datepicker.js]
2013-10-12 18:17:50,975 [http-bio-8080-exec-6] WARN  resource.ResourceTagLib  - Invocation of <r:resource> for a resource that apparently doesn't exist: /iceScrum/js/datepicker.js
2013-10-12 18:17:50,980 [http-bio-8080-exec-6] ERROR resource.ResourceMeta  - Resource not found: /js/bootstrap-datepicker.js
2013-10-12 18:17:50,981 [http-bio-8080-exec-6] WARN  util.ResourceMetaStore  - Cannot locate resource [/js/bootstrap-datepicker.js]
2013-10-12 18:17:50,981 [http-bio-8080-exec-6] WARN  resource.ResourceTagLib  - Invocation of <r:resource> for a resource that apparently doesn't exist: /iceScrum/js/bootstrap-datepicker.js
2013-10-12 18:17:51,110 [http-bio-8080-exec-1] ERROR resource.ResourceMeta  - Resource not found: /css/bootstrap-datepicker.css
2013-10-12 18:17:51,111 [http-bio-8080-exec-1] WARN  util.ResourceMetaStore  - Cannot locate resource [/css/bootstrap-datepicker.css]
2013-10-12 18:17:51,115 [http-bio-8080-exec-6] ERROR resource.ResourceMeta  - Resource not found: /js/jquery-2.0.3.js
2013-10-12 18:17:51,115 [http-bio-8080-exec-6] WARN  util.ResourceMetaStore  - Cannot locate resource [/js/jquery-2.0.3.js]
2013-10-12 18:17:51,118 [http-bio-8080-exec-2] ERROR resource.ResourceMeta  - Resource not found: /css/datepicker.css
2013-10-12 18:17:51,119 [http-bio-8080-exec-2] WARN  util.ResourceMetaStore  - Cannot locate resource [/css/datepicker.css]
2013-10-12 18:17:51,121 [http-bio-8080-exec-10] ERROR resource.ResourceMeta  - Resource not found: /js/bootstrap-datepicker.js
2013-10-12 18:17:51,121 [http-bio-8080-exec-4] ERROR resource.ResourceMeta  - Resource not found: /js/datepicker.js
2013-10-12 18:17:51,121 [http-bio-8080-exec-10] WARN  util.ResourceMetaStore  - Cannot locate resource [/js/bootstrap-datepicker.js]
2013-10-12 18:17:51,122 [http-bio-8080-exec-4] WARN  util.ResourceMetaStore  - Cannot locate resource [/js/datepicker.js]
2013-10-12 18:18:03,459 [http-bio-8080-exec-2] ERROR resource.ResourceMeta  - Resource not found: /css/datepicker.css
2013-10-12 18:18:03,465 [http-bio-8080-exec-2] WARN  util.ResourceMetaStore  - Cannot locate resource [/css/datepicker.css]
2013-10-12 18:18:03,466 [http-bio-8080-exec-2] WARN  resource.ResourceTagLib  - Invocation of <r:resource> for a resource that apparently doesn't exist: /iceScrum/css/datepicker.css
2013-10-12 18:18:03,471 [http-bio-8080-exec-2] ERROR resource.ResourceMeta  - Resource not found: /css/bootstrap-datepicker.css
2013-10-12 18:18:03,472 [http-bio-8080-exec-2] WARN  util.ResourceMetaStore  - Cannot locate resource [/css/bootstrap-datepicker.css]
2013-10-12 18:18:03,472 [http-bio-8080-exec-2] WARN  resource.ResourceTagLib  - Invocation of <r:resource> for a resource that apparently doesn't exist: /iceScrum/css/bootstrap-datepicker.css
2013-10-12 18:18:03,482 [http-bio-8080-exec-2] ERROR resource.ResourceMeta  - Resource not found: /js/jquery-2.0.3.js
2013-10-12 18:18:03,482 [http-bio-8080-exec-2] WARN  util.ResourceMetaStore  - Cannot locate resource [/js/jquery-2.0.3.js]
2013-10-12 18:18:03,483 [http-bio-8080-exec-2] WARN  resource.ResourceTagLib  - Invocation of <r:resource> for a resource that apparently doesn't exist: /iceScrum/js/jquery-2.0.3.js
2013-10-12 18:18:03,486 [http-bio-8080-exec-2] ERROR resource.ResourceMeta  - Resource not found: /js/datepicker.js
2013-10-12 18:18:03,487 [http-bio-8080-exec-2] WARN  util.ResourceMetaStore  - Cannot locate resource [/js/datepicker.js]
2013-10-12 18:18:03,488 [http-bio-8080-exec-2] WARN  resource.ResourceTagLib  - Invocation of <r:resource> for a resource that apparently doesn't exist: /iceScrum/js/datepicker.js
2013-10-12 18:18:03,492 [http-bio-8080-exec-2] ERROR resource.ResourceMeta  - Resource not found: /js/bootstrap-datepicker.js
2013-10-12 18:18:03,493 [http-bio-8080-exec-2] WARN  util.ResourceMetaStore  - Cannot locate resource [/js/bootstrap-datepicker.js]
2013-10-12 18:18:03,493 [http-bio-8080-exec-2] WARN  resource.ResourceTagLib  - Invocation of <r:resource> for a resource that apparently doesn't exist: /iceScrum/js/bootstrap-datepicker.js
2013-10-12 18:18:03,612 [http-bio-8080-exec-4] ERROR resource.ResourceMeta  - Resource not found: /css/bootstrap-datepicker.css
2013-10-12 18:18:03,613 [http-bio-8080-exec-4] WARN  util.ResourceMetaStore  - Cannot locate resource [/css/bootstrap-datepicker.css]
2013-10-12 18:18:03,621 [http-bio-8080-exec-5] ERROR resource.ResourceMeta  - Resource not found: /js/jquery-2.0.3.js
2013-10-12 18:18:03,622 [http-bio-8080-exec-5] WARN  util.ResourceMetaStore  - Cannot locate resource [/js/jquery-2.0.3.js]
2013-10-12 18:18:03,631 [http-bio-8080-exec-6] ERROR resource.ResourceMeta  - Resource not found: /css/datepicker.css
2013-10-12 18:18:03,632 [http-bio-8080-exec-6] WARN  util.ResourceMetaStore  - Cannot locate resource [/css/datepicker.css]
2013-10-12 18:18:03,644 [http-bio-8080-exec-8] ERROR resource.ResourceMeta  - Resource not found: /js/datepicker.js
2013-10-12 18:18:03,644 [http-bio-8080-exec-2] ERROR resource.ResourceMeta  - Resource not found: /js/bootstrap-datepicker.js
2013-10-12 18:18:03,644 [http-bio-8080-exec-8] WARN  util.ResourceMetaStore  - Cannot locate resource [/js/datepicker.js]
2013-10-12 18:18:03,645 [http-bio-8080-exec-2] WARN  util.ResourceMetaStore  - Cannot locate resource [/js/bootstrap-datepicker.js]
2013-10-12 18:18:27,808 [http-bio-8080-exec-8] ERROR resource.ResourceMeta  - Resource not found: /css/datepicker.css
2013-10-12 18:18:27,808 [http-bio-8080-exec-8] WARN  util.ResourceMetaStore  - Cannot locate resource [/css/datepicker.css]
2013-10-12 18:18:27,809 [http-bio-8080-exec-8] WARN  resource.ResourceTagLib  - Invocation of <r:resource> for a resource that apparently doesn't exist: /iceScrum/css/datepicker.css
2013-10-12 18:18:27,811 [http-bio-8080-exec-8] ERROR resource.ResourceMeta  - Resource not found: /css/bootstrap-datepicker.css
2013-10-12 18:18:27,811 [http-bio-8080-exec-8] WARN  util.ResourceMetaStore  - Cannot locate resource [/css/bootstrap-datepicker.css]
2013-10-12 18:18:27,812 [http-bio-8080-exec-8] WARN  resource.ResourceTagLib  - Invocation of <r:resource> for a resource that apparently doesn't exist: /iceScrum/css/bootstrap-datepicker.css
2013-10-12 18:18:27,815 [http-bio-8080-exec-8] ERROR resource.ResourceMeta  - Resource not found: /js/jquery-2.0.3.js
2013-10-12 18:18:27,816 [http-bio-8080-exec-8] WARN  util.ResourceMetaStore  - Cannot locate resource [/js/jquery-2.0.3.js]
2013-10-12 18:18:27,816 [http-bio-8080-exec-8] WARN  resource.ResourceTagLib  - Invocation of <r:resource> for a resource that apparently doesn't exist: /iceScrum/js/jquery-2.0.3.js
2013-10-12 18:18:27,818 [http-bio-8080-exec-8] ERROR resource.ResourceMeta  - Resource not found: /js/datepicker.js
2013-10-12 18:18:27,818 [http-bio-8080-exec-8] WARN  util.ResourceMetaStore  - Cannot locate resource [/js/datepicker.js]
2013-10-12 18:18:27,819 [http-bio-8080-exec-8] WARN  resource.ResourceTagLib  - Invocation of <r:resource> for a resource that apparently doesn't exist: /iceScrum/js/datepicker.js
2013-10-12 18:18:27,821 [http-bio-8080-exec-8] ERROR resource.ResourceMeta  - Resource not found: /js/bootstrap-datepicker.js
2013-10-12 18:18:27,822 [http-bio-8080-exec-8] WARN  util.ResourceMetaStore  - Cannot locate resource [/js/bootstrap-datepicker.js]
2013-10-12 18:18:27,822 [http-bio-8080-exec-8] WARN  resource.ResourceTagLib  - Invocation of <r:resource> for a resource that apparently doesn't exist: /iceScrum/js/bootstrap-datepicker.js
2013-10-12 18:18:27,947 [http-bio-8080-exec-2] ERROR resource.ResourceMeta  - Resource not found: /css/bootstrap-datepicker.css
2013-10-12 18:18:27,950 [http-bio-8080-exec-2] WARN  util.ResourceMetaStore  - Cannot locate resource [/css/bootstrap-datepicker.css]
2013-10-12 18:18:27,950 [http-bio-8080-exec-3] ERROR resource.ResourceMeta  - Resource not found: /css/datepicker.css
2013-10-12 18:18:27,953 [http-bio-8080-exec-3] WARN  util.ResourceMetaStore  - Cannot locate resource [/css/datepicker.css]
2013-10-12 18:18:27,956 [http-bio-8080-exec-4] ERROR resource.ResourceMeta  - Resource not found: /js/jquery-2.0.3.js
2013-10-12 18:18:27,957 [http-bio-8080-exec-4] WARN  util.ResourceMetaStore  - Cannot locate resource [/js/jquery-2.0.3.js]
2013-10-12 18:18:27,956 [http-bio-8080-exec-10] ERROR resource.ResourceMeta  - Resource not found: /js/bootstrap-datepicker.js
2013-10-12 18:18:27,960 [http-bio-8080-exec-10] WARN  util.ResourceMetaStore  - Cannot locate resource [/js/bootstrap-datepicker.js]
2013-10-12 18:18:27,962 [http-bio-8080-exec-1] ERROR resource.ResourceMeta  - Resource not found: /js/datepicker.js
2013-10-12 18:18:27,963 [http-bio-8080-exec-1] WARN  util.ResourceMetaStore  - Cannot locate resource [/js/datepicker.js]
2013-10-12 18:18:59,364 [http-bio-8080-exec-6] ERROR resource.ResourceMeta  - Resource not found: /css/datepicker.css
2013-10-12 18:18:59,366 [http-bio-8080-exec-6] WARN  util.ResourceMetaStore  - Cannot locate resource [/css/datepicker.css]
2013-10-12 18:18:59,366 [http-bio-8080-exec-6] WARN  resource.ResourceTagLib  - Invocation of <r:resource> for a resource that apparently doesn't exist: /iceScrum/css/datepicker.css
2013-10-12 18:18:59,371 [http-bio-8080-exec-6] ERROR resource.ResourceMeta  - Resource not found: /css/bootstrap-datepicker.css
2013-10-12 18:18:59,372 [http-bio-8080-exec-6] WARN  util.ResourceMetaStore  - Cannot locate resource [/css/bootstrap-datepicker.css]
2013-10-12 18:18:59,373 [http-bio-8080-exec-6] WARN  resource.ResourceTagLib  - Invocation of <r:resource> for a resource that apparently doesn't exist: /iceScrum/css/bootstrap-datepicker.css
2013-10-12 18:18:59,378 [http-bio-8080-exec-6] ERROR resource.ResourceMeta  - Resource not found: /js/jquery-2.0.3.js
2013-10-12 18:18:59,378 [http-bio-8080-exec-6] WARN  util.ResourceMetaStore  - Cannot locate resource [/js/jquery-2.0.3.js]
2013-10-12 18:18:59,378 [http-bio-8080-exec-6] WARN  resource.ResourceTagLib  - Invocation of <r:resource> for a resource that apparently doesn't exist: /iceScrum/js/jquery-2.0.3.js
2013-10-12 18:18:59,381 [http-bio-8080-exec-6] ERROR resource.ResourceMeta  - Resource not found: /js/datepicker.js
2013-10-12 18:18:59,382 [http-bio-8080-exec-6] WARN  util.ResourceMetaStore  - Cannot locate resource [/js/datepicker.js]
2013-10-12 18:18:59,383 [http-bio-8080-exec-6] WARN  resource.ResourceTagLib  - Invocation of <r:resource> for a resource that apparently doesn't exist: /iceScrum/js/datepicker.js
2013-10-12 18:18:59,387 [http-bio-8080-exec-6] ERROR resource.ResourceMeta  - Resource not found: /js/bootstrap-datepicker.js
2013-10-12 18:18:59,388 [http-bio-8080-exec-6] WARN  util.ResourceMetaStore  - Cannot locate resource [/js/bootstrap-datepicker.js]
2013-10-12 18:18:59,388 [http-bio-8080-exec-6] WARN  resource.ResourceTagLib  - Invocation of <r:resource> for a resource that apparently doesn't exist: /iceScrum/js/bootstrap-datepicker.js
2013-10-12 18:18:59,492 [http-bio-8080-exec-2] ERROR resource.ResourceMeta  - Resource not found: /css/datepicker.css
2013-10-12 18:18:59,493 [http-bio-8080-exec-2] WARN  util.ResourceMetaStore  - Cannot locate resource [/css/datepicker.css]
2013-10-12 18:18:59,503 [http-bio-8080-exec-8] ERROR resource.ResourceMeta  - Resource not found: /js/bootstrap-datepicker.js
2013-10-12 18:18:59,503 [http-bio-8080-exec-8] WARN  util.ResourceMetaStore  - Cannot locate resource [/js/bootstrap-datepicker.js]
2013-10-12 18:18:59,507 [http-bio-8080-exec-9] ERROR resource.ResourceMeta  - Resource not found: /css/bootstrap-datepicker.css
2013-10-12 18:18:59,508 [http-bio-8080-exec-6] ERROR resource.ResourceMeta  - Resource not found: /js/jquery-2.0.3.js
2013-10-12 18:18:59,508 [http-bio-8080-exec-6] WARN  util.ResourceMetaStore  - Cannot locate resource [/js/jquery-2.0.3.js]
2013-10-12 18:18:59,508 [http-bio-8080-exec-9] WARN  util.ResourceMetaStore  - Cannot locate resource [/css/bootstrap-datepicker.css]
2013-10-12 18:18:59,523 [http-bio-8080-exec-4] ERROR resource.ResourceMeta  - Resource not found: /js/datepicker.js
2013-10-12 18:18:59,523 [http-bio-8080-exec-4] WARN  util.ResourceMetaStore  - Cannot locate resource [/js/datepicker.js]
2013-10-12 18:26:14,329 [http-bio-8080-exec-5] ERROR resource.ResourceMeta  - Resource not found: /css/datepicker.css
2013-10-12 18:26:14,330 [http-bio-8080-exec-5] WARN  util.ResourceMetaStore  - Cannot locate resource [/css/datepicker.css]
2013-10-12 18:26:14,330 [http-bio-8080-exec-5] WARN  resource.ResourceTagLib  - Invocation of <r:resource> for a resource that apparently doesn't exist: /iceScrum/css/datepicker.css
2013-10-12 18:26:14,332 [http-bio-8080-exec-5] ERROR resource.ResourceMeta  - Resource not found: /css/bootstrap-datepicker.css
2013-10-12 18:26:14,332 [http-bio-8080-exec-5] WARN  util.ResourceMetaStore  - Cannot locate resource [/css/bootstrap-datepicker.css]
2013-10-12 18:26:14,333 [http-bio-8080-exec-5] WARN  resource.ResourceTagLib  - Invocation of <r:resource> for a resource that apparently doesn't exist: /iceScrum/css/bootstrap-datepicker.css
2013-10-12 18:26:14,336 [http-bio-8080-exec-5] ERROR resource.ResourceMeta  - Resource not found: /js/jquery-2.0.3.js
2013-10-12 18:26:14,336 [http-bio-8080-exec-5] WARN  util.ResourceMetaStore  - Cannot locate resource [/js/jquery-2.0.3.js]
2013-10-12 18:26:14,336 [http-bio-8080-exec-5] WARN  resource.ResourceTagLib  - Invocation of <r:resource> for a resource that apparently doesn't exist: /iceScrum/js/jquery-2.0.3.js
2013-10-12 18:26:14,339 [http-bio-8080-exec-5] ERROR resource.ResourceMeta  - Resource not found: /js/datepicker.js
2013-10-12 18:26:14,339 [http-bio-8080-exec-5] WARN  util.ResourceMetaStore  - Cannot locate resource [/js/datepicker.js]
2013-10-12 18:26:14,339 [http-bio-8080-exec-5] WARN  resource.ResourceTagLib  - Invocation of <r:resource> for a resource that apparently doesn't exist: /iceScrum/js/datepicker.js
2013-10-12 18:26:14,342 [http-bio-8080-exec-5] ERROR resource.ResourceMeta  - Resource not found: /js/bootstrap-datepicker.js
2013-10-12 18:26:14,342 [http-bio-8080-exec-5] WARN  util.ResourceMetaStore  - Cannot locate resource [/js/bootstrap-datepicker.js]
2013-10-12 18:26:14,343 [http-bio-8080-exec-5] WARN  resource.ResourceTagLib  - Invocation of <r:resource> for a resource that apparently doesn't exist: /iceScrum/js/bootstrap-datepicker.js
2013-10-12 18:26:14,485 [http-bio-8080-exec-2] ERROR resource.ResourceMeta  - Resource not found: /css/datepicker.css
2013-10-12 18:26:14,487 [http-bio-8080-exec-2] WARN  util.ResourceMetaStore  - Cannot locate resource [/css/datepicker.css]
2013-10-12 18:26:14,487 [http-bio-8080-exec-1] ERROR resource.ResourceMeta  - Resource not found: /css/bootstrap-datepicker.css
2013-10-12 18:26:14,488 [http-bio-8080-exec-1] WARN  util.ResourceMetaStore  - Cannot locate resource [/css/bootstrap-datepicker.css]
2013-10-12 18:26:14,491 [http-bio-8080-exec-3] ERROR resource.ResourceMeta  - Resource not found: /js/jquery-2.0.3.js
2013-10-12 18:26:14,494 [http-bio-8080-exec-7] ERROR resource.ResourceMeta  - Resource not found: /js/bootstrap-datepicker.js
2013-10-12 18:26:14,495 [http-bio-8080-exec-3] WARN  util.ResourceMetaStore  - Cannot locate resource [/js/jquery-2.0.3.js]
2013-10-12 18:26:14,495 [http-bio-8080-exec-7] WARN  util.ResourceMetaStore  - Cannot locate resource [/js/bootstrap-datepicker.js]
2013-10-12 18:26:14,502 [http-bio-8080-exec-4] ERROR resource.ResourceMeta  - Resource not found: /js/datepicker.js
2013-10-12 18:26:14,503 [http-bio-8080-exec-4] WARN  util.ResourceMetaStore  - Cannot locate resource [/js/datepicker.js]
2013-10-12 18:26:15,188 [http-bio-8080-exec-4] ERROR resource.ResourceMeta  - Resource not found: /css/datepicker.css
2013-10-12 18:26:15,188 [http-bio-8080-exec-4] WARN  util.ResourceMetaStore  - Cannot locate resource [/css/datepicker.css]
2013-10-12 18:26:15,188 [http-bio-8080-exec-4] WARN  resource.ResourceTagLib  - Invocation of <r:resource> for a resource that apparently doesn't exist: /iceScrum/css/datepicker.css
2013-10-12 18:26:15,190 [http-bio-8080-exec-4] ERROR resource.ResourceMeta  - Resource not found: /css/bootstrap-datepicker.css
2013-10-12 18:26:15,191 [http-bio-8080-exec-4] WARN  util.ResourceMetaStore  - Cannot locate resource [/css/bootstrap-datepicker.css]
2013-10-12 18:26:15,191 [http-bio-8080-exec-4] WARN  resource.ResourceTagLib  - Invocation of <r:resource> for a resource that apparently doesn't exist: /iceScrum/css/bootstrap-datepicker.css
2013-10-12 18:26:15,194 [http-bio-8080-exec-4] ERROR resource.ResourceMeta  - Resource not found: /js/jquery-2.0.3.js
2013-10-12 18:26:15,195 [http-bio-8080-exec-4] WARN  util.ResourceMetaStore  - Cannot locate resource [/js/jquery-2.0.3.js]
2013-10-12 18:26:15,195 [http-bio-8080-exec-4] WARN  resource.ResourceTagLib  - Invocation of <r:resource> for a resource that apparently doesn't exist: /iceScrum/js/jquery-2.0.3.js
2013-10-12 18:26:15,197 [http-bio-8080-exec-4] ERROR resource.ResourceMeta  - Resource not found: /js/datepicker.js
2013-10-12 18:26:15,198 [http-bio-8080-exec-4] WARN  util.ResourceMetaStore  - Cannot locate resource [/js/datepicker.js]
2013-10-12 18:26:15,198 [http-bio-8080-exec-4] WARN  resource.ResourceTagLib  - Invocation of <r:resource> for a resource that apparently doesn't exist: /iceScrum/js/datepicker.js
2013-10-12 18:26:15,200 [http-bio-8080-exec-4] ERROR resource.ResourceMeta  - Resource not found: /js/bootstrap-datepicker.js
2013-10-12 18:26:15,200 [http-bio-8080-exec-4] WARN  util.ResourceMetaStore  - Cannot locate resource [/js/bootstrap-datepicker.js]
2013-10-12 18:26:15,201 [http-bio-8080-exec-4] WARN  resource.ResourceTagLib  - Invocation of <r:resource> for a resource that apparently doesn't exist: /iceScrum/js/bootstrap-datepicker.js
2013-10-12 18:26:15,298 [http-bio-8080-exec-6] ERROR resource.ResourceMeta  - Resource not found: /css/datepicker.css
2013-10-12 18:26:15,299 [http-bio-8080-exec-6] WARN  util.ResourceMetaStore  - Cannot locate resource [/css/datepicker.css]
2013-10-12 18:26:15,303 [http-bio-8080-exec-2] ERROR resource.ResourceMeta  - Resource not found: /js/jquery-2.0.3.js
2013-10-12 18:26:15,304 [http-bio-8080-exec-2] WARN  util.ResourceMetaStore  - Cannot locate resource [/js/jquery-2.0.3.js]
2013-10-12 18:26:15,310 [http-bio-8080-exec-5] ERROR resource.ResourceMeta  - Resource not found: /js/datepicker.js
2013-10-12 18:26:15,310 [http-bio-8080-exec-1] ERROR resource.ResourceMeta  - Resource not found: /css/bootstrap-datepicker.css
2013-10-12 18:26:15,311 [http-bio-8080-exec-1] WARN  util.ResourceMetaStore  - Cannot locate resource [/css/bootstrap-datepicker.css]
2013-10-12 18:26:15,312 [http-bio-8080-exec-3] ERROR resource.ResourceMeta  - Resource not found: /js/bootstrap-datepicker.js
2013-10-12 18:26:15,310 [http-bio-8080-exec-5] WARN  util.ResourceMetaStore  - Cannot locate resource [/js/datepicker.js]
2013-10-12 18:26:15,314 [http-bio-8080-exec-3] WARN  util.ResourceMetaStore  - Cannot locate resource [/js/bootstrap-datepicker.js]
2013-10-12 18:26:15,774 [http-bio-8080-exec-3] ERROR resource.ResourceMeta  - Resource not found: /css/datepicker.css
2013-10-12 18:26:15,774 [http-bio-8080-exec-3] WARN  util.ResourceMetaStore  - Cannot locate resource [/css/datepicker.css]
2013-10-12 18:26:15,774 [http-bio-8080-exec-3] WARN  resource.ResourceTagLib  - Invocation of <r:resource> for a resource that apparently doesn't exist: /iceScrum/css/datepicker.css
2013-10-12 18:26:15,777 [http-bio-8080-exec-3] ERROR resource.ResourceMeta  - Resource not found: /css/bootstrap-datepicker.css
2013-10-12 18:26:15,777 [http-bio-8080-exec-3] WARN  util.ResourceMetaStore  - Cannot locate resource [/css/bootstrap-datepicker.css]
2013-10-12 18:26:15,777 [http-bio-8080-exec-3] WARN  resource.ResourceTagLib  - Invocation of <r:resource> for a resource that apparently doesn't exist: /iceScrum/css/bootstrap-datepicker.css
2013-10-12 18:26:15,781 [http-bio-8080-exec-3] ERROR resource.ResourceMeta  - Resource not found: /js/jquery-2.0.3.js
2013-10-12 18:26:15,781 [http-bio-8080-exec-3] WARN  util.ResourceMetaStore  - Cannot locate resource [/js/jquery-2.0.3.js]
2013-10-12 18:26:15,782 [http-bio-8080-exec-3] WARN  resource.ResourceTagLib  - Invocation of <r:resource> for a resource that apparently doesn't exist: /iceScrum/js/jquery-2.0.3.js
2013-10-12 18:26:15,784 [http-bio-8080-exec-3] ERROR resource.ResourceMeta  - Resource not found: /js/datepicker.js
2013-10-12 18:26:15,784 [http-bio-8080-exec-3] WARN  util.ResourceMetaStore  - Cannot locate resource [/js/datepicker.js]
2013-10-12 18:26:15,784 [http-bio-8080-exec-3] WARN  resource.ResourceTagLib  - Invocation of <r:resource> for a resource that apparently doesn't exist: /iceScrum/js/datepicker.js
2013-10-12 18:26:15,787 [http-bio-8080-exec-3] ERROR resource.ResourceMeta  - Resource not found: /js/bootstrap-datepicker.js
2013-10-12 18:26:15,787 [http-bio-8080-exec-3] WARN  util.ResourceMetaStore  - Cannot locate resource [/js/bootstrap-datepicker.js]
2013-10-12 18:26:15,787 [http-bio-8080-exec-3] WARN  resource.ResourceTagLib  - Invocation of <r:resource> for a resource that apparently doesn't exist: /iceScrum/js/bootstrap-datepicker.js
2013-10-12 18:26:15,888 [http-bio-8080-exec-8] ERROR resource.ResourceMeta  - Resource not found: /css/datepicker.css
2013-10-12 18:26:15,889 [http-bio-8080-exec-8] WARN  util.ResourceMetaStore  - Cannot locate resource [/css/datepicker.css]
2013-10-12 18:26:15,902 [http-bio-8080-exec-10] ERROR resource.ResourceMeta  - Resource not found: /css/bootstrap-datepicker.css
2013-10-12 18:26:15,903 [http-bio-8080-exec-10] WARN  util.ResourceMetaStore  - Cannot locate resource [/css/bootstrap-datepicker.css]
2013-10-12 18:26:15,904 [http-bio-8080-exec-6] ERROR resource.ResourceMeta  - Resource not found: /js/jquery-2.0.3.js
2013-10-12 18:26:15,905 [http-bio-8080-exec-6] WARN  util.ResourceMetaStore  - Cannot locate resource [/js/jquery-2.0.3.js]
2013-10-12 18:26:15,917 [http-bio-8080-exec-1] ERROR resource.ResourceMeta  - Resource not found: /js/bootstrap-datepicker.js
2013-10-12 18:26:15,919 [http-bio-8080-exec-1] WARN  util.ResourceMetaStore  - Cannot locate resource [/js/bootstrap-datepicker.js]
2013-10-12 18:26:15,919 [http-bio-8080-exec-4] ERROR resource.ResourceMeta  - Resource not found: /js/datepicker.js
2013-10-12 18:26:15,922 [http-bio-8080-exec-4] WARN  util.ResourceMetaStore  - Cannot locate resource [/js/datepicker.js]
2013-10-12 18:29:54,344 [http-bio-8080-exec-5] ERROR resource.ResourceMeta  - Resource not found: /css/datepicker.css
2013-10-12 18:29:54,345 [http-bio-8080-exec-5] WARN  util.ResourceMetaStore  - Cannot locate resource [/css/datepicker.css]
2013-10-12 18:29:54,345 [http-bio-8080-exec-5] WARN  resource.ResourceTagLib  - Invocation of <r:resource> for a resource that apparently doesn't exist: /iceScrum/css/datepicker.css
2013-10-12 18:29:54,347 [http-bio-8080-exec-5] ERROR resource.ResourceMeta  - Resource not found: /css/bootstrap-datepicker.css
2013-10-12 18:29:54,348 [http-bio-8080-exec-5] WARN  util.ResourceMetaStore  - Cannot locate resource [/css/bootstrap-datepicker.css]
2013-10-12 18:29:54,348 [http-bio-8080-exec-5] WARN  resource.ResourceTagLib  - Invocation of <r:resource> for a resource that apparently doesn't exist: /iceScrum/css/bootstrap-datepicker.css
2013-10-12 18:29:54,351 [http-bio-8080-exec-5] ERROR resource.ResourceMeta  - Resource not found: /js/jquery-2.0.3.js
2013-10-12 18:29:54,351 [http-bio-8080-exec-5] WARN  util.ResourceMetaStore  - Cannot locate resource [/js/jquery-2.0.3.js]
2013-10-12 18:29:54,352 [http-bio-8080-exec-5] WARN  resource.ResourceTagLib  - Invocation of <r:resource> for a resource that apparently doesn't exist: /iceScrum/js/jquery-2.0.3.js
2013-10-12 18:29:54,354 [http-bio-8080-exec-5] ERROR resource.ResourceMeta  - Resource not found: /js/datepicker.js
2013-10-12 18:29:54,355 [http-bio-8080-exec-5] WARN  util.ResourceMetaStore  - Cannot locate resource [/js/datepicker.js]
2013-10-12 18:29:54,355 [http-bio-8080-exec-5] WARN  resource.ResourceTagLib  - Invocation of <r:resource> for a resource that apparently doesn't exist: /iceScrum/js/datepicker.js
2013-10-12 18:29:54,358 [http-bio-8080-exec-5] ERROR resource.ResourceMeta  - Resource not found: /js/bootstrap-datepicker.js
2013-10-12 18:29:54,358 [http-bio-8080-exec-5] WARN  util.ResourceMetaStore  - Cannot locate resource [/js/bootstrap-datepicker.js]
2013-10-12 18:29:54,358 [http-bio-8080-exec-5] WARN  resource.ResourceTagLib  - Invocation of <r:resource> for a resource that apparently doesn't exist: /iceScrum/js/bootstrap-datepicker.js
2013-10-12 18:29:54,466 [http-bio-8080-exec-3] ERROR resource.ResourceMeta  - Resource not found: /css/datepicker.css
2013-10-12 18:29:54,467 [http-bio-8080-exec-3] WARN  util.ResourceMetaStore  - Cannot locate resource [/css/datepicker.css]
2013-10-12 18:29:54,476 [http-bio-8080-exec-7] ERROR resource.ResourceMeta  - Resource not found: /css/bootstrap-datepicker.css
2013-10-12 18:29:54,477 [http-bio-8080-exec-7] WARN  util.ResourceMetaStore  - Cannot locate resource [/css/bootstrap-datepicker.css]
2013-10-12 18:29:54,480 [http-bio-8080-exec-5] ERROR resource.ResourceMeta  - Resource not found: /js/jquery-2.0.3.js
2013-10-12 18:29:54,494 [http-bio-8080-exec-5] WARN  util.ResourceMetaStore  - Cannot locate resource [/js/jquery-2.0.3.js]
2013-10-12 18:29:54,501 [http-bio-8080-exec-4] ERROR resource.ResourceMeta  - Resource not found: /js/bootstrap-datepicker.js
2013-10-12 18:29:54,501 [http-bio-8080-exec-4] WARN  util.ResourceMetaStore  - Cannot locate resource [/js/bootstrap-datepicker.js]
2013-10-12 18:29:54,501 [http-bio-8080-exec-1] ERROR resource.ResourceMeta  - Resource not found: /js/datepicker.js
2013-10-12 18:29:54,502 [http-bio-8080-exec-1] WARN  util.ResourceMetaStore  - Cannot locate resource [/js/datepicker.js]
2013-10-12 18:30:39,332 [http-bio-8080-exec-5] ERROR resource.ResourceMeta  - Resource not found: /css/datepicker.css
2013-10-12 18:30:39,333 [http-bio-8080-exec-5] WARN  util.ResourceMetaStore  - Cannot locate resource [/css/datepicker.css]
2013-10-12 18:30:39,333 [http-bio-8080-exec-5] WARN  resource.ResourceTagLib  - Invocation of <r:resource> for a resource that apparently doesn't exist: /iceScrum/css/datepicker.css
2013-10-12 18:30:39,335 [http-bio-8080-exec-5] ERROR resource.ResourceMeta  - Resource not found: /css/bootstrap-datepicker.css
2013-10-12 18:30:39,335 [http-bio-8080-exec-5] WARN  util.ResourceMetaStore  - Cannot locate resource [/css/bootstrap-datepicker.css]
2013-10-12 18:30:39,336 [http-bio-8080-exec-5] WARN  resource.ResourceTagLib  - Invocation of <r:resource> for a resource that apparently doesn't exist: /iceScrum/css/bootstrap-datepicker.css
2013-10-12 18:30:39,339 [http-bio-8080-exec-5] ERROR resource.ResourceMeta  - Resource not found: /js/jquery-2.0.3.js
2013-10-12 18:30:39,339 [http-bio-8080-exec-5] WARN  util.ResourceMetaStore  - Cannot locate resource [/js/jquery-2.0.3.js]
2013-10-12 18:30:39,339 [http-bio-8080-exec-5] WARN  resource.ResourceTagLib  - Invocation of <r:resource> for a resource that apparently doesn't exist: /iceScrum/js/jquery-2.0.3.js
2013-10-12 18:30:39,342 [http-bio-8080-exec-5] ERROR resource.ResourceMeta  - Resource not found: /js/datepicker.js
2013-10-12 18:30:39,343 [http-bio-8080-exec-5] WARN  util.ResourceMetaStore  - Cannot locate resource [/js/datepicker.js]
2013-10-12 18:30:39,343 [http-bio-8080-exec-5] WARN  resource.ResourceTagLib  - Invocation of <r:resource> for a resource that apparently doesn't exist: /iceScrum/js/datepicker.js
2013-10-12 18:30:39,346 [http-bio-8080-exec-5] ERROR resource.ResourceMeta  - Resource not found: /js/bootstrap-datepicker.js
2013-10-12 18:30:39,346 [http-bio-8080-exec-5] WARN  util.ResourceMetaStore  - Cannot locate resource [/js/bootstrap-datepicker.js]
2013-10-12 18:30:39,346 [http-bio-8080-exec-5] WARN  resource.ResourceTagLib  - Invocation of <r:resource> for a resource that apparently doesn't exist: /iceScrum/js/bootstrap-datepicker.js
2013-10-12 18:30:39,483 [http-bio-8080-exec-7] ERROR resource.ResourceMeta  - Resource not found: /css/bootstrap-datepicker.css
2013-10-12 18:30:39,484 [http-bio-8080-exec-7] WARN  util.ResourceMetaStore  - Cannot locate resource [/css/bootstrap-datepicker.css]
2013-10-12 18:30:39,503 [http-bio-8080-exec-10] ERROR resource.ResourceMeta  - Resource not found: /js/jquery-2.0.3.js
2013-10-12 18:30:39,504 [http-bio-8080-exec-10] WARN  util.ResourceMetaStore  - Cannot locate resource [/js/jquery-2.0.3.js]
2013-10-12 18:30:39,506 [http-bio-8080-exec-8] ERROR resource.ResourceMeta  - Resource not found: /js/bootstrap-datepicker.js
2013-10-12 18:30:39,508 [http-bio-8080-exec-6] ERROR resource.ResourceMeta  - Resource not found: /js/datepicker.js
2013-10-12 18:30:39,511 [http-bio-8080-exec-6] WARN  util.ResourceMetaStore  - Cannot locate resource [/js/datepicker.js]
2013-10-12 18:30:39,513 [http-bio-8080-exec-1] ERROR resource.ResourceMeta  - Resource not found: /css/datepicker.css
2013-10-12 18:30:39,514 [http-bio-8080-exec-8] WARN  util.ResourceMetaStore  - Cannot locate resource [/js/bootstrap-datepicker.js]
2013-10-12 18:30:39,514 [http-bio-8080-exec-1] WARN  util.ResourceMetaStore  - Cannot locate resource [/css/datepicker.css]
2013-10-12 18:30:43,511 [http-bio-8080-exec-7] ERROR resource.ResourceMeta  - Resource not found: /css/datepicker.css
2013-10-12 18:30:43,513 [http-bio-8080-exec-7] WARN  util.ResourceMetaStore  - Cannot locate resource [/css/datepicker.css]
2013-10-12 18:30:43,514 [http-bio-8080-exec-7] WARN  resource.ResourceTagLib  - Invocation of <r:resource> for a resource that apparently doesn't exist: /iceScrum/css/datepicker.css
2013-10-12 18:30:43,517 [http-bio-8080-exec-7] ERROR resource.ResourceMeta  - Resource not found: /css/bootstrap-datepicker.css
2013-10-12 18:30:43,517 [http-bio-8080-exec-7] WARN  util.ResourceMetaStore  - Cannot locate resource [/css/bootstrap-datepicker.css]
2013-10-12 18:30:43,518 [http-bio-8080-exec-7] WARN  resource.ResourceTagLib  - Invocation of <r:resource> for a resource that apparently doesn't exist: /iceScrum/css/bootstrap-datepicker.css
2013-10-12 18:30:43,521 [http-bio-8080-exec-7] ERROR resource.ResourceMeta  - Resource not found: /js/jquery-2.0.3.js
2013-10-12 18:30:43,521 [http-bio-8080-exec-7] WARN  util.ResourceMetaStore  - Cannot locate resource [/js/jquery-2.0.3.js]
2013-10-12 18:30:43,521 [http-bio-8080-exec-7] WARN  resource.ResourceTagLib  - Invocation of <r:resource> for a resource that apparently doesn't exist: /iceScrum/js/jquery-2.0.3.js
2013-10-12 18:30:43,523 [http-bio-8080-exec-7] ERROR resource.ResourceMeta  - Resource not found: /js/datepicker.js
2013-10-12 18:30:43,524 [http-bio-8080-exec-7] WARN  util.ResourceMetaStore  - Cannot locate resource [/js/datepicker.js]
2013-10-12 18:30:43,524 [http-bio-8080-exec-7] WARN  resource.ResourceTagLib  - Invocation of <r:resource> for a resource that apparently doesn't exist: /iceScrum/js/datepicker.js
2013-10-12 18:30:43,526 [http-bio-8080-exec-7] ERROR resource.ResourceMeta  - Resource not found: /js/bootstrap-datepicker.js
2013-10-12 18:30:43,527 [http-bio-8080-exec-7] WARN  util.ResourceMetaStore  - Cannot locate resource [/js/bootstrap-datepicker.js]
2013-10-12 18:30:43,527 [http-bio-8080-exec-7] WARN  resource.ResourceTagLib  - Invocation of <r:resource> for a resource that apparently doesn't exist: /iceScrum/js/bootstrap-datepicker.js
2013-10-12 18:30:43,629 [http-bio-8080-exec-6] ERROR resource.ResourceMeta  - Resource not found: /css/datepicker.css
2013-10-12 18:30:43,630 [http-bio-8080-exec-6] WARN  util.ResourceMetaStore  - Cannot locate resource [/css/datepicker.css]
2013-10-12 18:30:43,630 [http-bio-8080-exec-2] ERROR resource.ResourceMeta  - Resource not found: /js/jquery-2.0.3.js
2013-10-12 18:30:43,632 [http-bio-8080-exec-2] WARN  util.ResourceMetaStore  - Cannot locate resource [/js/jquery-2.0.3.js]
2013-10-12 18:30:43,633 [http-bio-8080-exec-5] ERROR resource.ResourceMeta  - Resource not found: /js/bootstrap-datepicker.js
2013-10-12 18:30:43,634 [http-bio-8080-exec-5] WARN  util.ResourceMetaStore  - Cannot locate resource [/js/bootstrap-datepicker.js]
2013-10-12 18:30:43,640 [http-bio-8080-exec-9] ERROR resource.ResourceMeta  - Resource not found: /css/bootstrap-datepicker.css
2013-10-12 18:30:43,641 [http-bio-8080-exec-9] WARN  util.ResourceMetaStore  - Cannot locate resource [/css/bootstrap-datepicker.css]
2013-10-12 18:30:43,643 [http-bio-8080-exec-4] ERROR resource.ResourceMeta  - Resource not found: /js/datepicker.js
2013-10-12 18:30:43,643 [http-bio-8080-exec-4] WARN  util.ResourceMetaStore  - Cannot locate resource [/js/datepicker.js]
2013-10-12 18:30:44,249 [http-bio-8080-exec-8] ERROR resource.ResourceMeta  - Resource not found: /css/datepicker.css
2013-10-12 18:30:44,250 [http-bio-8080-exec-8] WARN  util.ResourceMetaStore  - Cannot locate resource [/css/datepicker.css]
2013-10-12 18:30:44,250 [http-bio-8080-exec-8] WARN  resource.ResourceTagLib  - Invocation of <r:resource> for a resource that apparently doesn't exist: /iceScrum/css/datepicker.css
2013-10-12 18:30:44,253 [http-bio-8080-exec-8] ERROR resource.ResourceMeta  - Resource not found: /css/bootstrap-datepicker.css
2013-10-12 18:30:44,253 [http-bio-8080-exec-8] WARN  util.ResourceMetaStore  - Cannot locate resource [/css/bootstrap-datepicker.css]
2013-10-12 18:30:44,254 [http-bio-8080-exec-8] WARN  resource.ResourceTagLib  - Invocation of <r:resource> for a resource that apparently doesn't exist: /iceScrum/css/bootstrap-datepicker.css
2013-10-12 18:30:44,258 [http-bio-8080-exec-8] ERROR resource.ResourceMeta  - Resource not found: /js/jquery-2.0.3.js
2013-10-12 18:30:44,259 [http-bio-8080-exec-8] WARN  util.ResourceMetaStore  - Cannot locate resource [/js/jquery-2.0.3.js]
2013-10-12 18:30:44,259 [http-bio-8080-exec-8] WARN  resource.ResourceTagLib  - Invocation of <r:resource> for a resource that apparently doesn't exist: /iceScrum/js/jquery-2.0.3.js
2013-10-12 18:30:44,261 [http-bio-8080-exec-8] ERROR resource.ResourceMeta  - Resource not found: /js/datepicker.js
2013-10-12 18:30:44,262 [http-bio-8080-exec-8] WARN  util.ResourceMetaStore  - Cannot locate resource [/js/datepicker.js]
2013-10-12 18:30:44,263 [http-bio-8080-exec-8] WARN  resource.ResourceTagLib  - Invocation of <r:resource> for a resource that apparently doesn't exist: /iceScrum/js/datepicker.js
2013-10-12 18:30:44,268 [http-bio-8080-exec-8] ERROR resource.ResourceMeta  - Resource not found: /js/bootstrap-datepicker.js
2013-10-12 18:30:44,268 [http-bio-8080-exec-8] WARN  util.ResourceMetaStore  - Cannot locate resource [/js/bootstrap-datepicker.js]
2013-10-12 18:30:44,268 [http-bio-8080-exec-8] WARN  resource.ResourceTagLib  - Invocation of <r:resource> for a resource that apparently doesn't exist: /iceScrum/js/bootstrap-datepicker.js
2013-10-12 18:30:44,373 [http-bio-8080-exec-6] ERROR resource.ResourceMeta  - Resource not found: /css/bootstrap-datepicker.css
2013-10-12 18:30:44,374 [http-bio-8080-exec-6] WARN  util.ResourceMetaStore  - Cannot locate resource [/css/bootstrap-datepicker.css]
2013-10-12 18:30:44,373 [http-bio-8080-exec-4] ERROR resource.ResourceMeta  - Resource not found: /css/datepicker.css
2013-10-12 18:30:44,376 [http-bio-8080-exec-4] WARN  util.ResourceMetaStore  - Cannot locate resource [/css/datepicker.css]
2013-10-12 18:30:44,388 [http-bio-8080-exec-3] ERROR resource.ResourceMeta  - Resource not found: /js/jquery-2.0.3.js
2013-10-12 18:30:44,389 [http-bio-8080-exec-3] WARN  util.ResourceMetaStore  - Cannot locate resource [/js/jquery-2.0.3.js]
2013-10-12 18:30:44,391 [http-bio-8080-exec-1] ERROR resource.ResourceMeta  - Resource not found: /js/bootstrap-datepicker.js
2013-10-12 18:30:44,392 [http-bio-8080-exec-1] WARN  util.ResourceMetaStore  - Cannot locate resource [/js/bootstrap-datepicker.js]
2013-10-12 18:30:44,394 [http-bio-8080-exec-2] ERROR resource.ResourceMeta  - Resource not found: /js/datepicker.js
2013-10-12 18:30:44,394 [http-bio-8080-exec-2] WARN  util.ResourceMetaStore  - Cannot locate resource [/js/datepicker.js]
2013-10-12 18:30:57,556 [http-bio-8080-exec-1] ERROR resource.ResourceMeta  - Resource not found: /css/datepicker.css
2013-10-12 18:30:57,559 [http-bio-8080-exec-1] WARN  util.ResourceMetaStore  - Cannot locate resource [/css/datepicker.css]
2013-10-12 18:30:57,560 [http-bio-8080-exec-1] WARN  resource.ResourceTagLib  - Invocation of <r:resource> for a resource that apparently doesn't exist: /iceScrum/css/datepicker.css
2013-10-12 18:30:57,566 [http-bio-8080-exec-1] ERROR resource.ResourceMeta  - Resource not found: /css/bootstrap-datepicker.css
2013-10-12 18:30:57,567 [http-bio-8080-exec-1] WARN  util.ResourceMetaStore  - Cannot locate resource [/css/bootstrap-datepicker.css]
2013-10-12 18:30:57,567 [http-bio-8080-exec-1] WARN  resource.ResourceTagLib  - Invocation of <r:resource> for a resource that apparently doesn't exist: /iceScrum/css/bootstrap-datepicker.css
2013-10-12 18:30:57,572 [http-bio-8080-exec-1] ERROR resource.ResourceMeta  - Resource not found: /js/jquery-2.0.3.js
2013-10-12 18:30:57,573 [http-bio-8080-exec-1] WARN  util.ResourceMetaStore  - Cannot locate resource [/js/jquery-2.0.3.js]
2013-10-12 18:30:57,574 [http-bio-8080-exec-1] WARN  resource.ResourceTagLib  - Invocation of <r:resource> for a resource that apparently doesn't exist: /iceScrum/js/jquery-2.0.3.js
2013-10-12 18:30:57,577 [http-bio-8080-exec-1] ERROR resource.ResourceMeta  - Resource not found: /js/datepicker.js
2013-10-12 18:30:57,577 [http-bio-8080-exec-1] WARN  util.ResourceMetaStore  - Cannot locate resource [/js/datepicker.js]
2013-10-12 18:30:57,578 [http-bio-8080-exec-1] WARN  resource.ResourceTagLib  - Invocation of <r:resource> for a resource that apparently doesn't exist: /iceScrum/js/datepicker.js
2013-10-12 18:30:57,581 [http-bio-8080-exec-1] ERROR resource.ResourceMeta  - Resource not found: /js/bootstrap-datepicker.js
2013-10-12 18:30:57,582 [http-bio-8080-exec-1] WARN  util.ResourceMetaStore  - Cannot locate resource [/js/bootstrap-datepicker.js]
2013-10-12 18:30:57,583 [http-bio-8080-exec-1] WARN  resource.ResourceTagLib  - Invocation of <r:resource> for a resource that apparently doesn't exist: /iceScrum/js/bootstrap-datepicker.js
2013-10-12 18:30:57,700 [http-bio-8080-exec-10] ERROR resource.ResourceMeta  - Resource not found: /css/bootstrap-datepicker.css
2013-10-12 18:30:57,701 [http-bio-8080-exec-10] WARN  util.ResourceMetaStore  - Cannot locate resource [/css/bootstrap-datepicker.css]
2013-10-12 18:30:57,706 [http-bio-8080-exec-2] ERROR resource.ResourceMeta  - Resource not found: /css/datepicker.css
2013-10-12 18:30:57,707 [http-bio-8080-exec-2] WARN  util.ResourceMetaStore  - Cannot locate resource [/css/datepicker.css]
2013-10-12 18:30:57,721 [http-bio-8080-exec-8] ERROR resource.ResourceMeta  - Resource not found: /js/jquery-2.0.3.js
2013-10-12 18:30:57,722 [http-bio-8080-exec-8] WARN  util.ResourceMetaStore  - Cannot locate resource [/js/jquery-2.0.3.js]
2013-10-12 18:30:57,728 [http-bio-8080-exec-7] ERROR resource.ResourceMeta  - Resource not found: /js/bootstrap-datepicker.js
2013-10-12 18:30:57,729 [http-bio-8080-exec-5] ERROR resource.ResourceMeta  - Resource not found: /js/datepicker.js
2013-10-12 18:30:57,729 [http-bio-8080-exec-7] WARN  util.ResourceMetaStore  - Cannot locate resource [/js/bootstrap-datepicker.js]
2013-10-12 18:30:57,730 [http-bio-8080-exec-5] WARN  util.ResourceMetaStore  - Cannot locate resource [/js/datepicker.js]
2013-10-12 18:32:03,010 [http-bio-8080-exec-4] ERROR errors.GrailsExceptionResolver  - NullPointerException occurred when processing request: [GET] /iceScrum/backlog - parameters:
token: 7eb654bac2efdbaac11f44efd5782cbd
pid: 1
Cannot get property 'user' on null object. Stacktrace follows:
java.lang.NullPointerException: Cannot get property 'user' on null object
	at com.neev.mainservice.BacklogInfoService$_isHasProject_closure4$$EOK3U2TA.doCall(BacklogInfoService.groovy:54)
	at com.neev.controller.BacklogController$$EOK3VjpQ.get(BacklogController.groovy:106)
	at grails.plugin.cache.web.filter.PageFragmentCachingFilter.doFilter(PageFragmentCachingFilter.java:200)
	at grails.plugin.cache.web.filter.AbstractFilter.doFilter(AbstractFilter.java:63)
	at java.util.concurrent.ThreadPoolExecutor.runWorker(ThreadPoolExecutor.java:1145)
	at java.util.concurrent.ThreadPoolExecutor$Worker.run(ThreadPoolExecutor.java:615)
	at java.lang.Thread.run(Thread.java:724)
2013-10-12 18:47:07,985 [http-bio-8080-exec-8] ERROR resource.ResourceMeta  - Resource not found: /css/datepicker.css
2013-10-12 18:47:07,986 [http-bio-8080-exec-8] WARN  util.ResourceMetaStore  - Cannot locate resource [/css/datepicker.css]
2013-10-12 18:47:07,987 [http-bio-8080-exec-8] WARN  resource.ResourceTagLib  - Invocation of <r:resource> for a resource that apparently doesn't exist: /iceScrum/css/datepicker.css
2013-10-12 18:47:07,990 [http-bio-8080-exec-8] ERROR resource.ResourceMeta  - Resource not found: /css/bootstrap-datepicker.css
2013-10-12 18:47:07,991 [http-bio-8080-exec-8] WARN  util.ResourceMetaStore  - Cannot locate resource [/css/bootstrap-datepicker.css]
2013-10-12 18:47:07,991 [http-bio-8080-exec-8] WARN  resource.ResourceTagLib  - Invocation of <r:resource> for a resource that apparently doesn't exist: /iceScrum/css/bootstrap-datepicker.css
2013-10-12 18:47:07,998 [http-bio-8080-exec-8] ERROR resource.ResourceMeta  - Resource not found: /js/jquery-2.0.3.js
2013-10-12 18:47:08,000 [http-bio-8080-exec-8] WARN  util.ResourceMetaStore  - Cannot locate resource [/js/jquery-2.0.3.js]
2013-10-12 18:47:08,001 [http-bio-8080-exec-8] WARN  resource.ResourceTagLib  - Invocation of <r:resource> for a resource that apparently doesn't exist: /iceScrum/js/jquery-2.0.3.js
2013-10-12 18:47:08,005 [http-bio-8080-exec-8] ERROR resource.ResourceMeta  - Resource not found: /js/datepicker.js
2013-10-12 18:47:08,006 [http-bio-8080-exec-8] WARN  util.ResourceMetaStore  - Cannot locate resource [/js/datepicker.js]
2013-10-12 18:47:08,007 [http-bio-8080-exec-8] WARN  resource.ResourceTagLib  - Invocation of <r:resource> for a resource that apparently doesn't exist: /iceScrum/js/datepicker.js
2013-10-12 18:47:08,013 [http-bio-8080-exec-8] ERROR resource.ResourceMeta  - Resource not found: /js/bootstrap-datepicker.js
2013-10-12 18:47:08,014 [http-bio-8080-exec-8] WARN  util.ResourceMetaStore  - Cannot locate resource [/js/bootstrap-datepicker.js]
2013-10-12 18:47:08,015 [http-bio-8080-exec-8] WARN  resource.ResourceTagLib  - Invocation of <r:resource> for a resource that apparently doesn't exist: /iceScrum/js/bootstrap-datepicker.js
2013-10-12 18:47:08,168 [http-bio-8080-exec-4] ERROR resource.ResourceMeta  - Resource not found: /css/datepicker.css
2013-10-12 18:47:08,170 [http-bio-8080-exec-4] WARN  util.ResourceMetaStore  - Cannot locate resource [/css/datepicker.css]
2013-10-12 18:47:08,192 [http-bio-8080-exec-2] ERROR resource.ResourceMeta  - Resource not found: /js/jquery-2.0.3.js
2013-10-12 18:47:08,193 [http-bio-8080-exec-2] WARN  util.ResourceMetaStore  - Cannot locate resource [/js/jquery-2.0.3.js]
2013-10-12 18:47:08,193 [http-bio-8080-exec-1] ERROR resource.ResourceMeta  - Resource not found: /css/bootstrap-datepicker.css
2013-10-12 18:47:08,196 [http-bio-8080-exec-1] WARN  util.ResourceMetaStore  - Cannot locate resource [/css/bootstrap-datepicker.css]
2013-10-12 18:47:08,203 [http-bio-8080-exec-5] ERROR resource.ResourceMeta  - Resource not found: /js/datepicker.js
2013-10-12 18:47:08,204 [http-bio-8080-exec-5] WARN  util.ResourceMetaStore  - Cannot locate resource [/js/datepicker.js]
2013-10-12 18:47:08,204 [http-bio-8080-exec-3] ERROR resource.ResourceMeta  - Resource not found: /js/bootstrap-datepicker.js
2013-10-12 18:47:08,205 [http-bio-8080-exec-3] WARN  util.ResourceMetaStore  - Cannot locate resource [/js/bootstrap-datepicker.js]
2013-10-13 14:29:53,450 [main] INFO  webxml.WebxmlGrailsPlugin  - Loading default config file: class DefaultWebXmlConfig
2013-10-13 14:29:53,498 [main] WARN  webxml.WebxmlGrailsPlugin  - Did not find application config file: WebXmlConfig
2013-10-13 14:29:54,329 [main] INFO  webxml.WebxmlGrailsPlugin  - Loading default config file: class DefaultWebXmlConfig
2013-10-13 14:29:54,336 [main] WARN  webxml.WebxmlGrailsPlugin  - Did not find application config file: WebXmlConfig
2013-10-13 14:30:00,946 [localhost-startStop-1] INFO  [localhost].[/iceScrum]  - Initializing Spring root WebApplicationContext
2013-10-13 14:30:10,107 [localhost-startStop-1] INFO  hibernate3.HibernatePluginSupport  - Set db generation strategy to 'update' for datasource DEFAULT
2013-10-13 14:30:11,121 [localhost-startStop-1] INFO  cache.CacheBeanPostProcessor  - postProcessBeanDefinitionRegistry start
2013-10-13 14:30:11,122 [localhost-startStop-1] INFO  cache.CacheBeanPostProcessor  - postProcessBeanFactory
2013-10-13 14:30:13,229 [localhost-startStop-1] WARN  config.ConfigurationFactory  - No configuration found. Configuring ehcache from ehcache-failsafe.xml  found in the classpath: jar:file:/home/neev/.m2/repository/net/sf/ehcache/ehcache-core/2.4.6/ehcache-core-2.4.6.jar!/ehcache-failsafe.xml
2013-10-13 14:30:19,729 [localhost-startStop-1] INFO  scaffolding.AbstractGrailsTemplateGenerator  - Scaffolding template generator set to use resource loader [org.codehaus.groovy.grails.commons.spring.GrailsWebApplicationContext@63a614a5: startup date [Sun Oct 13 14:30:10 IST 2013]; parent: Root WebApplicationContext]
2013-10-13 14:30:21,881 [localhost-startStop-1] INFO  resource.ResourceProcessor  - Performing a full reload
2013-10-13 14:30:22,132 [localhost-startStop-1] INFO  resource.ResourceProcessor  - Loading resource declarations...
2013-10-13 14:30:22,132 [localhost-startStop-1] INFO  resource.ResourceProcessor  - Forgetting all known modules...
2013-10-13 14:30:22,134 [localhost-startStop-1] INFO  resource.ResourceProcessor  - Forgetting all known resources...
2013-10-13 14:30:22,236 [localhost-startStop-1] WARN  util.GrailsUtil  - [DEPRECATED] Method ApplicationHolder.getApplication() is deprecated and will be removed in a future version of Grails.
2013-10-13 14:30:22,238 [localhost-startStop-1] WARN  util.GrailsUtil  - [DEPRECATED] Method ApplicationHolder.getApplication() is deprecated and will be removed in a future version of Grails.
2013-10-13 14:30:22,239 [localhost-startStop-1] WARN  util.GrailsUtil  - [DEPRECATED] Method ApplicationHolder.getApplication() is deprecated and will be removed in a future version of Grails.
2013-10-13 14:30:22,712 [localhost-startStop-1] WARN  module.ModuleDeclarationsFactory  - 'grails.resources.modules' in config does not define any modules
2013-10-13 14:30:23,818 [localhost-startStop-1] INFO  resource.ResourceProcessor  - Finished full reload
2013-10-13 14:30:24,729 [localhost-startStop-1] WARN  util.GrailsUtil  - [DEPRECATED] Method ApplicationHolder.getApplication() is deprecated and will be removed in a future version of Grails.
2013-10-13 14:30:24,744 [localhost-startStop-1] WARN  util.GrailsUtil  - [DEPRECATED] Method ApplicationHolder.getApplication() is deprecated and will be removed in a future version of Grails.
2013-10-13 14:30:26,134 [localhost-startStop-1] INFO  databasemigration.MigrationRunner  - updateOnStart disabled for dataSource; not running migrations
2013-10-13 14:30:26,227 [localhost-startStop-1] INFO  context.GrailsConfigUtils  - [GrailsContextLoader] Grails application loaded.
2013-10-13 14:30:27,362 [localhost-startStop-1] INFO  [localhost].[/iceScrum]  - Initializing Spring FrameworkServlet 'grails'
2013-10-13 14:30:27,719 [main] INFO  http11.Http11Protocol  - Starting ProtocolHandler ["http-bio-8080"]
2013-10-13 14:30:27,858 [http-bio-8080-exec-7] INFO  [localhost].[/iceScrum]  - Initializing Spring FrameworkServlet 'gsp'
2013-10-13 14:30:27,859 [http-bio-8080-exec-7] INFO  [localhost].[/iceScrum]  - GSP servlet initialized
2013-10-13 14:31:50,992 [http-bio-8080-exec-4] ERROR resource.ResourceMeta  - Resource not found: /images/6.jpg
2013-10-13 14:31:51,013 [http-bio-8080-exec-4] WARN  util.ResourceMetaStore  - Cannot locate resource [/images/6.jpg]
2013-10-13 14:31:51,014 [http-bio-8080-exec-4] WARN  resource.ResourceTagLib  - Invocation of <r:resource> for a resource that apparently doesn't exist: /iceScrum/images/6.jpg
2013-10-13 14:31:51,028 [http-bio-8080-exec-4] ERROR resource.ResourceMeta  - Resource not found: /images/3.jpg
2013-10-13 14:31:51,029 [http-bio-8080-exec-4] WARN  util.ResourceMetaStore  - Cannot locate resource [/images/3.jpg]
2013-10-13 14:31:51,030 [http-bio-8080-exec-4] WARN  resource.ResourceTagLib  - Invocation of <r:resource> for a resource that apparently doesn't exist: /iceScrum/images/3.jpg
2013-10-13 14:31:58,704 [http-bio-8080-exec-9] ERROR resource.ResourceMeta  - While processing /css/bootstrap.css, a resource was required but not found: /fonts/glyphicons-halflings-regular.eot
2013-10-13 14:31:58,705 [http-bio-8080-exec-9] WARN  util.ResourceMetaStore  - Cannot locate resource [/fonts/glyphicons-halflings-regular.eot]
2013-10-13 14:31:58,706 [http-bio-8080-exec-9] WARN  mapper.cssrewriter  - Cannot resolve CSS resource, leaving link as is: resource:/fonts/glyphicons-halflings-regular.eot
2013-10-13 14:31:58,708 [http-bio-8080-exec-9] ERROR resource.ResourceMeta  - While processing /css/bootstrap.css, a resource was required but not found: /fonts/glyphicons-halflings-regular.eot
2013-10-13 14:31:58,709 [http-bio-8080-exec-9] WARN  util.ResourceMetaStore  - Cannot locate resource [/fonts/glyphicons-halflings-regular.eot]
2013-10-13 14:31:58,709 [http-bio-8080-exec-9] WARN  mapper.cssrewriter  - Cannot resolve CSS resource, leaving link as is: resource:/fonts/glyphicons-halflings-regular.eot?#iefix
2013-10-13 14:31:58,711 [http-bio-8080-exec-9] ERROR resource.ResourceMeta  - While processing /css/bootstrap.css, a resource was required but not found: /fonts/glyphicons-halflings-regular.woff
2013-10-13 14:31:58,712 [http-bio-8080-exec-9] WARN  util.ResourceMetaStore  - Cannot locate resource [/fonts/glyphicons-halflings-regular.woff]
2013-10-13 14:31:58,712 [http-bio-8080-exec-9] WARN  mapper.cssrewriter  - Cannot resolve CSS resource, leaving link as is: resource:/fonts/glyphicons-halflings-regular.woff
2013-10-13 14:31:58,715 [http-bio-8080-exec-9] ERROR resource.ResourceMeta  - While processing /css/bootstrap.css, a resource was required but not found: /fonts/glyphicons-halflings-regular.ttf
2013-10-13 14:31:58,716 [http-bio-8080-exec-9] WARN  util.ResourceMetaStore  - Cannot locate resource [/fonts/glyphicons-halflings-regular.ttf]
2013-10-13 14:31:58,717 [http-bio-8080-exec-9] WARN  mapper.cssrewriter  - Cannot resolve CSS resource, leaving link as is: resource:/fonts/glyphicons-halflings-regular.ttf
2013-10-13 14:31:58,736 [http-bio-8080-exec-9] ERROR resource.ResourceMeta  - While processing /css/bootstrap.css, a resource was required but not found: /fonts/glyphicons-halflings-regular.svg
2013-10-13 14:31:58,738 [http-bio-8080-exec-9] WARN  util.ResourceMetaStore  - Cannot locate resource [/fonts/glyphicons-halflings-regular.svg]
2013-10-13 14:31:58,738 [http-bio-8080-exec-9] WARN  mapper.cssrewriter  - Cannot resolve CSS resource, leaving link as is: resource:/fonts/glyphicons-halflings-regular.svg#glyphicons-halflingsregular
2013-10-13 14:31:58,820 [http-bio-8080-exec-9] ERROR resource.ResourceMeta  - Resource not found: /css/datepicker.css
2013-10-13 14:31:58,822 [http-bio-8080-exec-9] WARN  util.ResourceMetaStore  - Cannot locate resource [/css/datepicker.css]
2013-10-13 14:31:58,822 [http-bio-8080-exec-9] WARN  resource.ResourceTagLib  - Invocation of <r:resource> for a resource that apparently doesn't exist: /iceScrum/css/datepicker.css
2013-10-13 14:31:58,835 [http-bio-8080-exec-9] ERROR resource.ResourceMeta  - Resource not found: /css/bootstrap-datepicker.css
2013-10-13 14:31:58,836 [http-bio-8080-exec-9] WARN  util.ResourceMetaStore  - Cannot locate resource [/css/bootstrap-datepicker.css]
2013-10-13 14:31:58,837 [http-bio-8080-exec-9] WARN  resource.ResourceTagLib  - Invocation of <r:resource> for a resource that apparently doesn't exist: /iceScrum/css/bootstrap-datepicker.css
2013-10-13 14:31:58,866 [http-bio-8080-exec-9] ERROR resource.ResourceMeta  - Resource not found: /js/jquery-2.0.3.js
2013-10-13 14:31:58,866 [http-bio-8080-exec-9] WARN  util.ResourceMetaStore  - Cannot locate resource [/js/jquery-2.0.3.js]
2013-10-13 14:31:58,866 [http-bio-8080-exec-9] WARN  resource.ResourceTagLib  - Invocation of <r:resource> for a resource that apparently doesn't exist: /iceScrum/js/jquery-2.0.3.js
2013-10-13 14:31:58,877 [http-bio-8080-exec-9] ERROR resource.ResourceMeta  - Resource not found: /js/datepicker.js
2013-10-13 14:31:58,878 [http-bio-8080-exec-9] WARN  util.ResourceMetaStore  - Cannot locate resource [/js/datepicker.js]
2013-10-13 14:31:58,879 [http-bio-8080-exec-9] WARN  resource.ResourceTagLib  - Invocation of <r:resource> for a resource that apparently doesn't exist: /iceScrum/js/datepicker.js
2013-10-13 14:31:58,893 [http-bio-8080-exec-9] ERROR resource.ResourceMeta  - Resource not found: /js/bootstrap-datepicker.js
2013-10-13 14:31:58,894 [http-bio-8080-exec-9] WARN  util.ResourceMetaStore  - Cannot locate resource [/js/bootstrap-datepicker.js]
2013-10-13 14:31:58,894 [http-bio-8080-exec-9] WARN  resource.ResourceTagLib  - Invocation of <r:resource> for a resource that apparently doesn't exist: /iceScrum/js/bootstrap-datepicker.js
2013-10-13 14:31:59,497 [http-bio-8080-exec-8] ERROR resource.ResourceMeta  - Resource not found: /js/jquery-2.0.3.js
2013-10-13 14:31:59,503 [http-bio-8080-exec-8] WARN  util.ResourceMetaStore  - Cannot locate resource [/js/jquery-2.0.3.js]
2013-10-13 14:31:59,502 [http-bio-8080-exec-4] ERROR resource.ResourceMeta  - Resource not found: /js/datepicker.js
2013-10-13 14:31:59,507 [http-bio-8080-exec-4] WARN  util.ResourceMetaStore  - Cannot locate resource [/js/datepicker.js]
2013-10-13 14:31:59,507 [http-bio-8080-exec-2] ERROR resource.ResourceMeta  - Resource not found: /js/bootstrap-datepicker.js
2013-10-13 14:31:59,509 [http-bio-8080-exec-2] WARN  util.ResourceMetaStore  - Cannot locate resource [/js/bootstrap-datepicker.js]
2013-10-13 14:31:59,517 [http-bio-8080-exec-9] ERROR resource.ResourceMeta  - Resource not found: /css/bootstrap-datepicker.css
2013-10-13 14:31:59,518 [http-bio-8080-exec-9] WARN  util.ResourceMetaStore  - Cannot locate resource [/css/bootstrap-datepicker.css]
2013-10-13 14:31:59,518 [http-bio-8080-exec-3] ERROR resource.ResourceMeta  - Resource not found: /css/datepicker.css
2013-10-13 14:31:59,519 [http-bio-8080-exec-3] WARN  util.ResourceMetaStore  - Cannot locate resource [/css/datepicker.css]
2013-10-13 14:32:00,310 [http-bio-8080-exec-8] ERROR resource.ResourceMeta  - Resource not found: /css/bootstrap-datepicker.css
2013-10-13 14:32:00,311 [http-bio-8080-exec-8] WARN  util.ResourceMetaStore  - Cannot locate resource [/css/bootstrap-datepicker.css]
2013-10-13 14:32:00,321 [http-bio-8080-exec-9] ERROR resource.ResourceMeta  - Resource not found: /js/jquery-2.0.3.js
2013-10-13 14:32:00,322 [http-bio-8080-exec-9] WARN  util.ResourceMetaStore  - Cannot locate resource [/js/jquery-2.0.3.js]
2013-10-13 14:32:00,327 [http-bio-8080-exec-10] ERROR resource.ResourceMeta  - Resource not found: /css/datepicker.css
2013-10-13 14:32:00,328 [http-bio-8080-exec-10] WARN  util.ResourceMetaStore  - Cannot locate resource [/css/datepicker.css]
2013-10-13 14:32:00,370 [http-bio-8080-exec-10] ERROR resource.ResourceMeta  - Resource not found: /js/datepicker.js
2013-10-13 14:32:00,371 [http-bio-8080-exec-10] WARN  util.ResourceMetaStore  - Cannot locate resource [/js/datepicker.js]
2013-10-13 14:32:00,421 [http-bio-8080-exec-8] ERROR resource.ResourceMeta  - Resource not found: /js/bootstrap-datepicker.js
2013-10-13 14:32:00,422 [http-bio-8080-exec-8] WARN  util.ResourceMetaStore  - Cannot locate resource [/js/bootstrap-datepicker.js]
